{"name": "test_add_account[Enterprise]", "status": "broken", "statusDetails": {"message": "selenium.common.exceptions.NoSuchElementException: Message: no such element: Unable to locate element: {\"method\":\"xpath\",\"selector\":\"//input[@id='media_library_size_limit_per_user']\"}\n  (Session info: chrome=138.0.7204.185); For documentation on this error, please visit: https://www.selenium.dev/documentation/webdriver/troubleshooting/errors#no-such-element-exception\nStacktrace:\n\tGetHandleVerifier [0x0x7ff625b5e415+77285]\n\tGetHandleVerifier [0x0x7ff625b5e470+77376]\n\t(No symbol) [0x0x7ff625929a6a]\n\t(No symbol) [0x0x7ff625980406]\n\t(No symbol) [0x0x7ff6259806bc]\n\t(No symbol) [0x0x7ff6259d3ac7]\n\t(No symbol) [0x0x7ff6259a864f]\n\t(No symbol) [0x0x7ff6259d087f]\n\t(No symbol) [0x0x7ff6259a83e3]\n\t(No symbol) [0x0x7ff625971521]\n\t(No symbol) [0x0x7ff6259722b3]\n\tGetHandleVerifier [0x0x7ff625e41efd+3107021]\n\tGetHandleVerifier [0x0x7ff625e3c29d+3083373]\n\tGetHandleVerifier [0x0x7ff625e5bedd+3213485]\n\tGetHandleVerifier [0x0x7ff625b7884e+184862]\n\tGetHandleVerifier [0x0x7ff625b8055f+216879]\n\tGetHandleVerifier [0x0x7ff625b67084+113236]\n\tGetHandleVerifier [0x0x7ff625b67239+113673]\n\tGetHandleVerifier [0x0x7ff625b4e298+11368]\n\tBaseThreadInitThunk [0x0x7fffbc0d7374+20]\n\tRtlUserThreadStart [0x0x7fffbdd5cc91+33]", "trace": "self = <testcases.preprod_testcases.test_admin_account.TestAddAccount object at 0x000001EEA40BF250>\npreprod_setup = <selenium.webdriver.chrome.webdriver.WebDriver (session=\"aad98449e7f0ea431e226c926d10825a\")>, account_type = 'Enterprise'\npreprod_account_test_data = {'account_email_bank_value': 50, 'account_name': 'Automation Testing with', 'account_text_bank_value': 100, 'contact_limit_per_account': 200, ...}\n\n    @pytest.mark.parametrize(\"account_type\", [\"Enterprise\",\"Educator\",\"Sports\",\"Pro\"])\n    def test_add_account(self,preprod_setup,account_type,preprod_account_test_data):\n        self.driver = preprod_setup\n        self.AA = AddAccount(self.driver)\n        account_name = f\"{preprod_account_test_data['account_name']} {account_type}\"\n        self.AA.wait_for_first_account_to_display()\n        self.AA.click_on_add_account()\n        self.AA.select_account_type(account_type)\n        self.AA.enter_account_name(account_name)\n        self.AA.enter_contact_firstname(preprod_account_test_data['first_name'])\n        self.AA.enter_contact_lastname(preprod_account_test_data['last_name'])\n        self.AA.enter_contact_email(preprod_account_test_data['email'])\n        self.AA.enter_contact_phone(preprod_account_test_data['phone'])\n        self.AA.enter_term_year(preprod_account_test_data['term'])\n        self.AA.scroll(200)\n        self.AA.enter_ifolio_owner_name(preprod_account_test_data['iFOLIO_owner_name'])\n        self.AA.enter_ifolio_owner_email(preprod_account_test_data['iFOLIO_owner_email'])\n        self.AA.enter_renewal_date(preprod_account_test_data['renewal_date'])\n        self.AA.enter_number_of_managers(preprod_account_test_data['number_of_managers'])\n        self.AA.enter_number_of_users(preprod_account_test_data['number_of_users'])\n        self.AA.select_plan_type(preprod_account_test_data['plan_type'])\n        self.AA.click_on_email_bank()\n        self.AA.enter_account_email_bank_value(preprod_account_test_data['plan_type'],preprod_account_test_data['account_email_bank_value'])\n        self.AA.enter_user_email_bank_value(preprod_account_test_data['plan_type'],preprod_account_test_data['user_email_bank_value'])\n        self.AA.enter_overage_email_price(preprod_account_test_data['overage_email_price'])\n        self.AA.click_text_bank()\n        self.AA.enter_account_text_bank_value(preprod_account_test_data['plan_type'],preprod_account_test_data['account_text_bank_value'])\n        self.AA.enter_user_text_bank_value(preprod_account_test_data['plan_type'],preprod_account_test_data['user_text_bank_value'])\n        self.AA.enter_overage_email_price(preprod_account_test_data['plan_type'])\n        self.AA.click_on_limits()\n        site_limit_account = preprod_account_test_data['site_limit_per_account']\n        site_limit_user = preprod_account_test_data['site_limit_per_user']\n        contact_limit_account = preprod_account_test_data['contact_limit_per_account']\n        contact_limit_user = preprod_account_test_data['contact_limit_per_user']\n        media_size = preprod_account_test_data['media_library_org']\n        upload_media_size = preprod_account_test_data['media_library_myupload']\n>       self.AA.enter_details_in_limits(site_limit_account, site_limit_user, contact_limit_account, contact_limit_user,media_size, upload_media_size)\n\ntestcases\\preprod_testcases\\test_admin_account.py:45: \n_ _ _ _ _ _ _ _ _ _ _ _ _ _ _ _ _ _ _ _ _ _ _ _ _ _ _ _ _ _ _ _ _ _ _ _ _ _ _ _ _ _ _ _ _ _ _ _ _ _ _ _ _ _ _ _ _ _ _ _ _ _ _ _ _ _ _ _ _ _ _ _ _ _ _ _ _ _ _ _ _ _ _ _ _ _ _ _ _ _\npageObject\\preprod\\Admin_Account_Add.py:194: in enter_details_in_limits\n    self.driver.find_element(*AddAccount.UploadMediaSize_xpath).send_keys(upload_media_size)\n..\\..\\..\\..\\AppData\\Local\\Programs\\Python\\Python313\\Lib\\site-packages\\selenium\\webdriver\\remote\\webdriver.py:770: in find_element\n    return self.execute(Command.FIND_ELEMENT, {\"using\": by, \"value\": value})[\"value\"]\n..\\..\\..\\..\\AppData\\Local\\Programs\\Python\\Python313\\Lib\\site-packages\\selenium\\webdriver\\remote\\webdriver.py:384: in execute\n    self.error_handler.check_response(response)\n_ _ _ _ _ _ _ _ _ _ _ _ _ _ _ _ _ _ _ _ _ _ _ _ _ _ _ _ _ _ _ _ _ _ _ _ _ _ _ _ _ _ _ _ _ _ _ _ _ _ _ _ _ _ _ _ _ _ _ _ _ _ _ _ _ _ _ _ _ _ _ _ _ _ _ _ _ _ _ _ _ _ _ _ _ _ _ _ _ _\n\nself = <selenium.webdriver.remote.errorhandler.ErrorHandler object at 0x000001EEA416B4D0>\nresponse = {'status': 404, 'value': '{\"value\":{\"error\":\"no such element\",\"message\":\"no such element: Unable to locate element: {\\...ff625b4e298+11368]\\\\n\\\\tBaseThreadInitThunk [0x0x7fffbc0d7374+20]\\\\n\\\\tRtlUserThreadStart [0x0x7fffbdd5cc91+33]\\\\n\"}}'}\n\n    def check_response(self, response: Dict[str, Any]) -> None:\n        \"\"\"Checks that a JSON response from the WebDriver does not have an\n        error.\n    \n        :Args:\n         - response - The JSON response from the WebDriver server as a dictionary\n           object.\n    \n        :Raises: If the response contains an error message.\n        \"\"\"\n        status = response.get(\"status\", None)\n        if not status or status == ErrorCode.SUCCESS:\n            return\n        value = None\n        message = response.get(\"message\", \"\")\n        screen: str = response.get(\"screen\", \"\")\n        stacktrace = None\n        if isinstance(status, int):\n            value_json = response.get(\"value\", None)\n            if value_json and isinstance(value_json, str):\n                import json\n    \n                try:\n                    value = json.loads(value_json)\n                    if len(value) == 1:\n                        value = value[\"value\"]\n                    status = value.get(\"error\", None)\n                    if not status:\n                        status = value.get(\"status\", ErrorCode.UNKNOWN_ERROR)\n                        message = value.get(\"value\") or value.get(\"message\")\n                        if not isinstance(message, str):\n                            value = message\n                            message = message.get(\"message\")\n                    else:\n                        message = value.get(\"message\", None)\n                except ValueError:\n                    pass\n    \n        exception_class: Type[WebDriverException]\n        e = ErrorCode()\n        error_codes = [item for item in dir(e) if not item.startswith(\"__\")]\n        for error_code in error_codes:\n            error_info = getattr(ErrorCode, error_code)\n            if isinstance(error_info, list) and status in error_info:\n                exception_class = getattr(ExceptionMapping, error_code, WebDriverException)\n                break\n        else:\n            exception_class = WebDriverException\n    \n        if not value:\n            value = response[\"value\"]\n        if isinstance(value, str):\n            raise exception_class(value)\n        if message == \"\" and \"message\" in value:\n            message = value[\"message\"]\n    \n        screen = None  # type: ignore[assignment]\n        if \"screen\" in value:\n            screen = value[\"screen\"]\n    \n        stacktrace = None\n        st_value = value.get(\"stackTrace\") or value.get(\"stacktrace\")\n        if st_value:\n            if isinstance(st_value, str):\n                stacktrace = st_value.split(\"\\n\")\n            else:\n                stacktrace = []\n                try:\n                    for frame in st_value:\n                        line = frame.get(\"lineNumber\", \"\")\n                        file = frame.get(\"fileName\", \"<anonymous>\")\n                        if line:\n                            file = f\"{file}:{line}\"\n                        meth = frame.get(\"methodName\", \"<anonymous>\")\n                        if \"className\" in frame:\n                            meth = f\"{frame['className']}.{meth}\"\n                        msg = \"    at %s (%s)\"\n                        msg = msg % (meth, file)\n                        stacktrace.append(msg)\n                except TypeError:\n                    pass\n        if exception_class == UnexpectedAlertPresentException:\n            alert_text = None\n            if \"data\" in value:\n                alert_text = value[\"data\"].get(\"text\")\n            elif \"alert\" in value:\n                alert_text = value[\"alert\"].get(\"text\")\n            raise exception_class(message, screen, stacktrace, alert_text)  # type: ignore[call-arg]  # mypy is not smart enough here\n>       raise exception_class(message, screen, stacktrace)\nE       selenium.common.exceptions.NoSuchElementException: Message: no such element: Unable to locate element: {\"method\":\"xpath\",\"selector\":\"//input[@id='media_library_size_limit_per_user']\"}\nE         (Session info: chrome=138.0.7204.185); For documentation on this error, please visit: https://www.selenium.dev/documentation/webdriver/troubleshooting/errors#no-such-element-exception\nE       Stacktrace:\nE       \tGetHandleVerifier [0x0x7ff625b5e415+77285]\nE       \tGetHandleVerifier [0x0x7ff625b5e470+77376]\nE       \t(No symbol) [0x0x7ff625929a6a]\nE       \t(No symbol) [0x0x7ff625980406]\nE       \t(No symbol) [0x0x7ff6259806bc]\nE       \t(No symbol) [0x0x7ff6259d3ac7]\nE       \t(No symbol) [0x0x7ff6259a864f]\nE       \t(No symbol) [0x0x7ff6259d087f]\nE       \t(No symbol) [0x0x7ff6259a83e3]\nE       \t(No symbol) [0x0x7ff625971521]\nE       \t(No symbol) [0x0x7ff6259722b3]\nE       \tGetHandleVerifier [0x0x7ff625e41efd+3107021]\nE       \tGetHandleVerifier [0x0x7ff625e3c29d+3083373]\nE       \tGetHandleVerifier [0x0x7ff625e5bedd+3213485]\nE       \tGetHandleVerifier [0x0x7ff625b7884e+184862]\nE       \tGetHandleVerifier [0x0x7ff625b8055f+216879]\nE       \tGetHandleVerifier [0x0x7ff625b67084+113236]\nE       \tGetHandleVerifier [0x0x7ff625b67239+113673]\nE       \tGetHandleVerifier [0x0x7ff625b4e298+11368]\nE       \tBaseThreadInitThunk [0x0x7fffbc0d7374+20]\nE       \tRtlUserThreadStart [0x0x7fffbdd5cc91+33]\n\n..\\..\\..\\..\\AppData\\Local\\Programs\\Python\\Python313\\Lib\\site-packages\\selenium\\webdriver\\remote\\errorhandler.py:232: NoSuchElementException"}, "parameters": [{"name": "account_type", "value": "'Enterprise'"}], "start": 1754993383096, "stop": 1754993395029, "uuid": "626cce5a-9a62-4bbc-a33c-96addd922b8a", "historyId": "23c5dbcfa99e8cbefc7fc916a41b9069", "testCaseId": "0aa1d07f7fde4ed2d64291f58d5f67cc", "fullName": "testcases.preprod_testcases.test_admin_account.TestAddAccount#test_add_account", "labels": [{"name": "parentSuite", "value": "testcases.preprod_testcases"}, {"name": "suite", "value": "test_admin_account"}, {"name": "subSuite", "value": "TestAddAccount"}, {"name": "host", "value": "SF-LAP-262"}, {"name": "thread", "value": "11004-MainThread"}, {"name": "framework", "value": "pytest"}, {"name": "language", "value": "cpython3"}, {"name": "package", "value": "testcases.preprod_testcases.test_admin_account"}], "titlePath": ["testcases", "preprod_testcases", "test_admin_account.py", "TestAddAccount"]}